---------------------------------------------------------------
[ 2018-12-04T18:32:51+08:00 ] 127.0.0.1 127.0.0.1 GET /api/audio_category/audios?category_id=0&page=2
[ info ] lanbaba.cc/api/audio_category/audios?category_id=0&page=2 [运行时间：0.274428s][吞吐率：3.64req/s] [内存消耗：2,026.63kb] [文件加载：48]
[ info ] [ LANG ] E:\repository\lanbabastory\thinkphp\lang\zh-cn.php
[ info ] [ ROUTE ] array (
  'type' => 'module',
  'module' => 
  array (
    0 => 'api',
    1 => 'audio_category',
    2 => 'audios',
  ),
)
[ info ] [ HEADER ] array (
  'x-wx-skey' => '0b49da5c58805c4835cdc167aba42a58a5677f2b',
  'x-wx-flag' => '1',
  'x-lantern-version' => '4.9.0',
  'referer' => 'https://servicewechat.com/wx7cb91c99c4667f6b/devtools/page-frame.html',
  'proxy-connection' => 'keep-alive',
  'pragma' => 'no-cache',
  'content-type' => 'application/json',
  'cache-control' => 'no-cache',
  'accept-encoding' => 'gzip, deflate',
  'accept' => 'application/json',
  'user-agent' => 'Mozilla/5.0 (iPhone; CPU iPhone OS 9_1 like Mac OS X) AppleWebKit/601.1.46 (KHTML, like Gecko) Version/9.0 Mobile/13B143 Safari/601.1 wechatdevtools/1.02.1810250 MicroMessenger/6.5.7 Language/zh_CN webview/ token/eec717ba4d8e56f005b42c4767101700',
  'host' => 'lanbaba.cc',
  'content-length' => '',
)
[ info ] [ PARAM ] array (
  'category_id' => '0',
  'page' => '2',
)
[ info ] [ DB ] INIT mysql
[ info ] [ RUN ] app\api\controller\AudioCategory->audios[ E:\repository\lanbabastory\application\api\controller\AudioCategory.php ]
[ info ] [ LOG ] INIT File
[ sql ] [ DB ] CONNECT:[ UseTime:0.050676s ] mysql:host=47.96.105.245;port=3306;dbname=lanbaba;charset=utf8
[ sql ] [ SQL ] SHOW COLUMNS FROM `mus_session` [ RunTime:0.034482s ]
[ sql ] [ SQL ] SELECT `openid` FROM `mus_session` WHERE  `skey` = '0b49da5c58805c4835cdc167aba42a58a5677f2b' LIMIT 1 [ RunTime:0.033824s ]
[ sql ] [ SQL ] SHOW COLUMNS FROM `mus_audio` [ RunTime:0.034511s ]
[ sql ] [ SQL ] SELECT COUNT(*) AS tp_count FROM `mus_audio` LIMIT 1 [ RunTime:0.035293s ]
[ sql ] [ SQL ] SELECT * FROM `mus_audio` ORDER BY `sort`  desc LIMIT 15,15 [ RunTime:0.039374s ]
---------------------------------------------------------------
[ 2018-12-04T18:32:52+08:00 ] 127.0.0.1 127.0.0.1 GET /api/audio_category/audios?category_id=0&page=3
[ info ] lanbaba.cc/api/audio_category/audios?category_id=0&page=3 [运行时间：0.348853s][吞吐率：2.87req/s] [内存消耗：2,021.43kb] [文件加载：48]
[ info ] [ LANG ] E:\repository\lanbabastory\thinkphp\lang\zh-cn.php
[ info ] [ ROUTE ] array (
  'type' => 'module',
  'module' => 
  array (
    0 => 'api',
    1 => 'audio_category',
    2 => 'audios',
  ),
)
[ info ] [ HEADER ] array (
  'x-wx-skey' => '0b49da5c58805c4835cdc167aba42a58a5677f2b',
  'x-wx-flag' => '1',
  'x-lantern-version' => '4.9.0',
  'referer' => 'https://servicewechat.com/wx7cb91c99c4667f6b/devtools/page-frame.html',
  'proxy-connection' => 'keep-alive',
  'pragma' => 'no-cache',
  'content-type' => 'application/json',
  'cache-control' => 'no-cache',
  'accept-encoding' => 'gzip, deflate',
  'accept' => 'application/json',
  'user-agent' => 'Mozilla/5.0 (iPhone; CPU iPhone OS 9_1 like Mac OS X) AppleWebKit/601.1.46 (KHTML, like Gecko) Version/9.0 Mobile/13B143 Safari/601.1 wechatdevtools/1.02.1810250 MicroMessenger/6.5.7 Language/zh_CN webview/ token/eec717ba4d8e56f005b42c4767101700',
  'host' => 'lanbaba.cc',
  'content-length' => '',
)
[ info ] [ PARAM ] array (
  'category_id' => '0',
  'page' => '3',
)
[ info ] [ DB ] INIT mysql
[ info ] [ RUN ] app\api\controller\AudioCategory->audios[ E:\repository\lanbabastory\application\api\controller\AudioCategory.php ]
[ info ] [ LOG ] INIT File
[ sql ] [ DB ] CONNECT:[ UseTime:0.054621s ] mysql:host=47.96.105.245;port=3306;dbname=lanbaba;charset=utf8
[ sql ] [ SQL ] SHOW COLUMNS FROM `mus_session` [ RunTime:0.038547s ]
[ sql ] [ SQL ] SELECT `openid` FROM `mus_session` WHERE  `skey` = '0b49da5c58805c4835cdc167aba42a58a5677f2b' LIMIT 1 [ RunTime:0.035076s ]
[ sql ] [ SQL ] SHOW COLUMNS FROM `mus_audio` [ RunTime:0.036911s ]
[ sql ] [ SQL ] SELECT COUNT(*) AS tp_count FROM `mus_audio` LIMIT 1 [ RunTime:0.035448s ]
[ sql ] [ SQL ] SELECT * FROM `mus_audio` ORDER BY `sort`  desc LIMIT 30,15 [ RunTime:0.093720s ]
---------------------------------------------------------------
[ 2018-12-04T18:34:58+08:00 ] 127.0.0.1 127.0.0.1 GET /api/album_tag/albums?tag_id=4&page=1
[ info ] lanbaba.cc/api/album_tag/albums?tag_id=4&page=1 [运行时间：0.347190s][吞吐率：2.88req/s] [内存消耗：2,042.44kb] [文件加载：49]
[ info ] [ LANG ] E:\repository\lanbabastory\thinkphp\lang\zh-cn.php
[ info ] [ ROUTE ] array (
  'type' => 'module',
  'module' => 
  array (
    0 => 'api',
    1 => 'album_tag',
    2 => 'albums',
  ),
)
[ info ] [ HEADER ] array (
  'x-wx-skey' => '0b49da5c58805c4835cdc167aba42a58a5677f2b',
  'x-wx-flag' => '1',
  'x-lantern-version' => '4.9.0',
  'referer' => 'https://servicewechat.com/wx7cb91c99c4667f6b/devtools/page-frame.html',
  'proxy-connection' => 'keep-alive',
  'pragma' => 'no-cache',
  'content-type' => 'application/json',
  'cache-control' => 'no-cache',
  'accept-encoding' => 'gzip, deflate',
  'accept' => 'application/json',
  'user-agent' => 'Mozilla/5.0 (iPhone; CPU iPhone OS 9_1 like Mac OS X) AppleWebKit/601.1.46 (KHTML, like Gecko) Version/9.0 Mobile/13B143 Safari/601.1 wechatdevtools/1.02.1810250 MicroMessenger/6.5.7 Language/zh_CN webview/ token/eec717ba4d8e56f005b42c4767101700',
  'host' => 'lanbaba.cc',
  'content-length' => '',
)
[ info ] [ PARAM ] array (
  'tag_id' => '4',
  'page' => '1',
)
[ info ] [ DB ] INIT mysql
[ info ] [ RUN ] app\api\controller\AlbumTag->albums[ E:\repository\lanbabastory\application\api\controller\AlbumTag.php ]
[ info ] [ LOG ] INIT File
[ sql ] [ DB ] CONNECT:[ UseTime:0.050617s ] mysql:host=47.96.105.245;port=3306;dbname=lanbaba;charset=utf8
[ sql ] [ SQL ] SHOW COLUMNS FROM `mus_session` [ RunTime:0.032651s ]
[ sql ] [ SQL ] SELECT `openid` FROM `mus_session` WHERE  `skey` = '0b49da5c58805c4835cdc167aba42a58a5677f2b' LIMIT 1 [ RunTime:0.032105s ]
[ sql ] [ SQL ] SHOW COLUMNS FROM `mus_album_tag` [ RunTime:0.031805s ]
[ sql ] [ SQL ] SELECT `album_id` FROM `mus_album_tag` WHERE  `tag_id` = 4 [ RunTime:0.032006s ]
[ sql ] [ SQL ] SHOW COLUMNS FROM `mus_album` [ RunTime:0.031044s ]
[ sql ] [ SQL ] SELECT COUNT(*) AS tp_count FROM `mus_album` WHERE  `status` = 1  AND `id` IN (1,5,6,9) LIMIT 1 [ RunTime:0.031370s ]
[ sql ] [ SQL ] SELECT `id`,`title`,`breif`,`number`,`thumb`,`is_vip` FROM `mus_album` WHERE  `status` = 1  AND `id` IN (1,5,6,9) LIMIT 0,15 [ RunTime:0.032243s ]
---------------------------------------------------------------
[ 2018-12-04T18:35:02+08:00 ] 127.0.0.1 127.0.0.1 GET /api/album/show?album_id=1
[ info ] lanbaba.cc/api/album/show?album_id=1 [运行时间：0.429563s][吞吐率：2.33req/s] [内存消耗：1,989.82kb] [文件加载：47]
[ info ] [ LANG ] E:\repository\lanbabastory\thinkphp\lang\zh-cn.php
[ info ] [ ROUTE ] array (
  'type' => 'module',
  'module' => 
  array (
    0 => 'api',
    1 => 'album',
    2 => 'show',
  ),
)
[ info ] [ HEADER ] array (
  'x-wx-skey' => '0b49da5c58805c4835cdc167aba42a58a5677f2b',
  'x-wx-flag' => '1',
  'x-lantern-version' => '4.9.0',
  'referer' => 'https://servicewechat.com/wx7cb91c99c4667f6b/devtools/page-frame.html',
  'proxy-connection' => 'keep-alive',
  'pragma' => 'no-cache',
  'content-type' => 'application/json',
  'cache-control' => 'no-cache',
  'accept-encoding' => 'gzip, deflate',
  'accept' => 'application/json',
  'user-agent' => 'Mozilla/5.0 (iPhone; CPU iPhone OS 9_1 like Mac OS X) AppleWebKit/601.1.46 (KHTML, like Gecko) Version/9.0 Mobile/13B143 Safari/601.1 wechatdevtools/1.02.1810250 MicroMessenger/6.5.7 Language/zh_CN webview/ token/eec717ba4d8e56f005b42c4767101700',
  'host' => 'lanbaba.cc',
  'content-length' => '',
)
[ info ] [ PARAM ] array (
  'album_id' => '1',
)
[ info ] [ DB ] INIT mysql
[ info ] [ RUN ] app\api\controller\Album->show[ E:\repository\lanbabastory\application\api\controller\Album.php ]
[ info ] [ LOG ] INIT File
[ sql ] [ DB ] CONNECT:[ UseTime:0.048438s ] mysql:host=47.96.105.245;port=3306;dbname=lanbaba;charset=utf8
[ sql ] [ SQL ] SHOW COLUMNS FROM `mus_session` [ RunTime:0.035882s ]
[ sql ] [ SQL ] SELECT `openid` FROM `mus_session` WHERE  `skey` = '0b49da5c58805c4835cdc167aba42a58a5677f2b' LIMIT 1 [ RunTime:0.032577s ]
[ sql ] [ SQL ] SHOW COLUMNS FROM `mus_album` [ RunTime:0.033743s ]
[ sql ] [ SQL ] SELECT * FROM `mus_album` WHERE  `id` = 1 LIMIT 1 [ RunTime:0.033763s ]
[ sql ] [ SQL ] SHOW COLUMNS FROM `mus_album_tag` [ RunTime:0.033037s ]
[ sql ] [ SQL ] SELECT `id`,`tag_id` FROM `mus_album_tag` WHERE  `album_id` = 1 [ RunTime:0.034104s ]
[ sql ] [ SQL ] SHOW COLUMNS FROM `mus_album_tags` [ RunTime:0.033784s ]
[ sql ] [ SQL ] SELECT `title` FROM `mus_album_tags` WHERE  `id` IN (1,2,3,4) [ RunTime:0.035703s ]
---------------------------------------------------------------
[ 2018-12-04T18:35:03+08:00 ] 127.0.0.1 127.0.0.1 GET /api/album/audios?album_id=1
[ info ] lanbaba.cc/api/album/audios?album_id=1 [运行时间：0.359603s][吞吐率：2.78req/s] [内存消耗：2,111.48kb] [文件加载：49]
[ info ] [ LANG ] E:\repository\lanbabastory\thinkphp\lang\zh-cn.php
[ info ] [ ROUTE ] array (
  'type' => 'module',
  'module' => 
  array (
    0 => 'api',
    1 => 'album',
    2 => 'audios',
  ),
)
[ info ] [ HEADER ] array (
  'x-wx-skey' => '0b49da5c58805c4835cdc167aba42a58a5677f2b',
  'x-wx-flag' => '1',
  'x-lantern-version' => '4.9.0',
  'referer' => 'https://servicewechat.com/wx7cb91c99c4667f6b/devtools/page-frame.html',
  'proxy-connection' => 'keep-alive',
  'pragma' => 'no-cache',
  'content-type' => 'application/json',
  'cache-control' => 'no-cache',
  'accept-encoding' => 'gzip, deflate',
  'accept' => 'application/json',
  'user-agent' => 'Mozilla/5.0 (iPhone; CPU iPhone OS 9_1 like Mac OS X) AppleWebKit/601.1.46 (KHTML, like Gecko) Version/9.0 Mobile/13B143 Safari/601.1 wechatdevtools/1.02.1810250 MicroMessenger/6.5.7 Language/zh_CN webview/ token/eec717ba4d8e56f005b42c4767101700',
  'host' => 'lanbaba.cc',
  'content-length' => '',
)
[ info ] [ PARAM ] array (
  'album_id' => '1',
)
[ info ] [ DB ] INIT mysql
[ info ] [ RUN ] app\api\controller\Album->audios[ E:\repository\lanbabastory\application\api\controller\Album.php ]
[ info ] [ LOG ] INIT File
[ sql ] [ DB ] CONNECT:[ UseTime:0.047248s ] mysql:host=47.96.105.245;port=3306;dbname=lanbaba;charset=utf8
[ sql ] [ SQL ] SHOW COLUMNS FROM `mus_session` [ RunTime:0.035508s ]
[ sql ] [ SQL ] SELECT `openid` FROM `mus_session` WHERE  `skey` = '0b49da5c58805c4835cdc167aba42a58a5677f2b' LIMIT 1 [ RunTime:0.035309s ]
[ sql ] [ SQL ] SHOW COLUMNS FROM `mus_album` [ RunTime:0.034129s ]
[ sql ] [ SQL ] SELECT * FROM `mus_album` WHERE  `id` = 1 LIMIT 1 [ RunTime:0.034678s ]
[ sql ] [ SQL ] SHOW COLUMNS FROM `mus_album_audio` [ RunTime:0.033018s ]
[ sql ] [ SQL ] SHOW COLUMNS FROM `mus_audio` [ RunTime:0.032834s ]
[ sql ] [ SQL ] SELECT `mus_audio`.*,pivot.id AS pivot__id,pivot.album_id AS pivot__album_id,pivot.audio_id AS pivot__audio_id FROM `mus_audio` INNER JOIN `mus_album_audio` `pivot` ON `pivot`.`audio_id`=`mus_audio`.`id` WHERE  `pivot`.`album_id` = 1 [ RunTime:0.034906s ]
---------------------------------------------------------------
[ 2018-12-04T18:35:14+08:00 ] 127.0.0.1 127.0.0.1 GET /api/album/show?album_id=6
[ info ] lanbaba.cc/api/album/show?album_id=6 [运行时间：0.366679s][吞吐率：2.73req/s] [内存消耗：1,988.92kb] [文件加载：47]
[ info ] [ LANG ] E:\repository\lanbabastory\thinkphp\lang\zh-cn.php
[ info ] [ ROUTE ] array (
  'type' => 'module',
  'module' => 
  array (
    0 => 'api',
    1 => 'album',
    2 => 'show',
  ),
)
[ info ] [ HEADER ] array (
  'x-wx-skey' => '0b49da5c58805c4835cdc167aba42a58a5677f2b',
  'x-wx-flag' => '1',
  'x-lantern-version' => '4.9.0',
  'referer' => 'https://servicewechat.com/wx7cb91c99c4667f6b/devtools/page-frame.html',
  'proxy-connection' => 'keep-alive',
  'pragma' => 'no-cache',
  'content-type' => 'application/json',
  'cache-control' => 'no-cache',
  'accept-encoding' => 'gzip, deflate',
  'accept' => 'application/json',
  'user-agent' => 'Mozilla/5.0 (iPhone; CPU iPhone OS 9_1 like Mac OS X) AppleWebKit/601.1.46 (KHTML, like Gecko) Version/9.0 Mobile/13B143 Safari/601.1 wechatdevtools/1.02.1810250 MicroMessenger/6.5.7 Language/zh_CN webview/ token/eec717ba4d8e56f005b42c4767101700',
  'host' => 'lanbaba.cc',
  'content-length' => '',
)
[ info ] [ PARAM ] array (
  'album_id' => '6',
)
[ info ] [ DB ] INIT mysql
[ info ] [ RUN ] app\api\controller\Album->show[ E:\repository\lanbabastory\application\api\controller\Album.php ]
[ info ] [ LOG ] INIT File
[ sql ] [ DB ] CONNECT:[ UseTime:0.050416s ] mysql:host=47.96.105.245;port=3306;dbname=lanbaba;charset=utf8
[ sql ] [ SQL ] SHOW COLUMNS FROM `mus_session` [ RunTime:0.033247s ]
[ sql ] [ SQL ] SELECT `openid` FROM `mus_session` WHERE  `skey` = '0b49da5c58805c4835cdc167aba42a58a5677f2b' LIMIT 1 [ RunTime:0.032812s ]
[ sql ] [ SQL ] SHOW COLUMNS FROM `mus_album` [ RunTime:0.034408s ]
[ sql ] [ SQL ] SELECT * FROM `mus_album` WHERE  `id` = 6 LIMIT 1 [ RunTime:0.039749s ]
[ sql ] [ SQL ] SHOW COLUMNS FROM `mus_album_tag` [ RunTime:0.034880s ]
[ sql ] [ SQL ] SELECT `id`,`tag_id` FROM `mus_album_tag` WHERE  `album_id` = 6 [ RunTime:0.034880s ]
[ sql ] [ SQL ] SHOW COLUMNS FROM `mus_album_tags` [ RunTime:0.034590s ]
[ sql ] [ SQL ] SELECT `title` FROM `mus_album_tags` WHERE  `id` IN (1,4) [ RunTime:0.032871s ]
---------------------------------------------------------------
[ 2018-12-04T18:35:14+08:00 ] 127.0.0.1 127.0.0.1 GET /api/album/audios?album_id=6
[ info ] lanbaba.cc/api/album/audios?album_id=6 [运行时间：0.338243s][吞吐率：2.96req/s] [内存消耗：2,051.04kb] [文件加载：49]
[ info ] [ LANG ] E:\repository\lanbabastory\thinkphp\lang\zh-cn.php
[ info ] [ ROUTE ] array (
  'type' => 'module',
  'module' => 
  array (
    0 => 'api',
    1 => 'album',
    2 => 'audios',
  ),
)
[ info ] [ HEADER ] array (
  'x-wx-skey' => '0b49da5c58805c4835cdc167aba42a58a5677f2b',
  'x-wx-flag' => '1',
  'x-lantern-version' => '4.9.0',
  'referer' => 'https://servicewechat.com/wx7cb91c99c4667f6b/devtools/page-frame.html',
  'proxy-connection' => 'keep-alive',
  'pragma' => 'no-cache',
  'content-type' => 'application/json',
  'cache-control' => 'no-cache',
  'accept-encoding' => 'gzip, deflate',
  'accept' => 'application/json',
  'user-agent' => 'Mozilla/5.0 (iPhone; CPU iPhone OS 9_1 like Mac OS X) AppleWebKit/601.1.46 (KHTML, like Gecko) Version/9.0 Mobile/13B143 Safari/601.1 wechatdevtools/1.02.1810250 MicroMessenger/6.5.7 Language/zh_CN webview/ token/eec717ba4d8e56f005b42c4767101700',
  'host' => 'lanbaba.cc',
  'content-length' => '',
)
[ info ] [ PARAM ] array (
  'album_id' => '6',
)
[ info ] [ DB ] INIT mysql
[ info ] [ RUN ] app\api\controller\Album->audios[ E:\repository\lanbabastory\application\api\controller\Album.php ]
[ info ] [ LOG ] INIT File
[ sql ] [ DB ] CONNECT:[ UseTime:0.052471s ] mysql:host=47.96.105.245;port=3306;dbname=lanbaba;charset=utf8
[ sql ] [ SQL ] SHOW COLUMNS FROM `mus_session` [ RunTime:0.037413s ]
[ sql ] [ SQL ] SELECT `openid` FROM `mus_session` WHERE  `skey` = '0b49da5c58805c4835cdc167aba42a58a5677f2b' LIMIT 1 [ RunTime:0.033349s ]
[ sql ] [ SQL ] SHOW COLUMNS FROM `mus_album` [ RunTime:0.036826s ]
[ sql ] [ SQL ] SELECT * FROM `mus_album` WHERE  `id` = 6 LIMIT 1 [ RunTime:0.036071s ]
[ sql ] [ SQL ] SHOW COLUMNS FROM `mus_album_audio` [ RunTime:0.033562s ]
[ sql ] [ SQL ] SHOW COLUMNS FROM `mus_audio` [ RunTime:0.033928s ]
[ sql ] [ SQL ] SELECT `mus_audio`.*,pivot.id AS pivot__id,pivot.album_id AS pivot__album_id,pivot.audio_id AS pivot__audio_id FROM `mus_audio` INNER JOIN `mus_album_audio` `pivot` ON `pivot`.`audio_id`=`mus_audio`.`id` WHERE  `pivot`.`album_id` = 6 [ RunTime:0.034878s ]
---------------------------------------------------------------
[ 2018-12-04T18:35:32+08:00 ] 127.0.0.1 127.0.0.1 GET /api/album/show?album_id=1
[ info ] lanbaba.cc/api/album/show?album_id=1 [运行时间：0.378468s][吞吐率：2.64req/s] [内存消耗：1,989.82kb] [文件加载：47]
[ info ] [ LANG ] E:\repository\lanbabastory\thinkphp\lang\zh-cn.php
[ info ] [ ROUTE ] array (
  'type' => 'module',
  'module' => 
  array (
    0 => 'api',
    1 => 'album',
    2 => 'show',
  ),
)
[ info ] [ HEADER ] array (
  'x-wx-skey' => '0b49da5c58805c4835cdc167aba42a58a5677f2b',
  'x-wx-flag' => '1',
  'x-lantern-version' => '4.9.0',
  'referer' => 'https://servicewechat.com/wx7cb91c99c4667f6b/devtools/page-frame.html',
  'proxy-connection' => 'keep-alive',
  'pragma' => 'no-cache',
  'content-type' => 'application/json',
  'cache-control' => 'no-cache',
  'accept-encoding' => 'gzip, deflate',
  'accept' => 'application/json',
  'user-agent' => 'Mozilla/5.0 (iPhone; CPU iPhone OS 9_1 like Mac OS X) AppleWebKit/601.1.46 (KHTML, like Gecko) Version/9.0 Mobile/13B143 Safari/601.1 wechatdevtools/1.02.1810250 MicroMessenger/6.5.7 Language/zh_CN webview/ token/eec717ba4d8e56f005b42c4767101700',
  'host' => 'lanbaba.cc',
  'content-length' => '',
)
[ info ] [ PARAM ] array (
  'album_id' => '1',
)
[ info ] [ DB ] INIT mysql
[ info ] [ RUN ] app\api\controller\Album->show[ E:\repository\lanbabastory\application\api\controller\Album.php ]
[ info ] [ LOG ] INIT File
[ sql ] [ DB ] CONNECT:[ UseTime:0.052554s ] mysql:host=47.96.105.245;port=3306;dbname=lanbaba;charset=utf8
[ sql ] [ SQL ] SHOW COLUMNS FROM `mus_session` [ RunTime:0.035376s ]
[ sql ] [ SQL ] SELECT `openid` FROM `mus_session` WHERE  `skey` = '0b49da5c58805c4835cdc167aba42a58a5677f2b' LIMIT 1 [ RunTime:0.036378s ]
[ sql ] [ SQL ] SHOW COLUMNS FROM `mus_album` [ RunTime:0.036556s ]
[ sql ] [ SQL ] SELECT * FROM `mus_album` WHERE  `id` = 1 LIMIT 1 [ RunTime:0.037747s ]
[ sql ] [ SQL ] SHOW COLUMNS FROM `mus_album_tag` [ RunTime:0.035140s ]
[ sql ] [ SQL ] SELECT `id`,`tag_id` FROM `mus_album_tag` WHERE  `album_id` = 1 [ RunTime:0.033168s ]
[ sql ] [ SQL ] SHOW COLUMNS FROM `mus_album_tags` [ RunTime:0.038313s ]
[ sql ] [ SQL ] SELECT `title` FROM `mus_album_tags` WHERE  `id` IN (1,2,3,4) [ RunTime:0.034892s ]
---------------------------------------------------------------
[ 2018-12-04T18:35:32+08:00 ] 127.0.0.1 127.0.0.1 GET /api/album/audios?album_id=1
[ info ] lanbaba.cc/api/album/audios?album_id=1 [运行时间：0.340614s][吞吐率：2.94req/s] [内存消耗：2,111.48kb] [文件加载：49]
[ info ] [ LANG ] E:\repository\lanbabastory\thinkphp\lang\zh-cn.php
[ info ] [ ROUTE ] array (
  'type' => 'module',
  'module' => 
  array (
    0 => 'api',
    1 => 'album',
    2 => 'audios',
  ),
)
[ info ] [ HEADER ] array (
  'x-wx-skey' => '0b49da5c58805c4835cdc167aba42a58a5677f2b',
  'x-wx-flag' => '1',
  'x-lantern-version' => '4.9.0',
  'referer' => 'https://servicewechat.com/wx7cb91c99c4667f6b/devtools/page-frame.html',
  'proxy-connection' => 'keep-alive',
  'pragma' => 'no-cache',
  'content-type' => 'application/json',
  'cache-control' => 'no-cache',
  'accept-encoding' => 'gzip, deflate',
  'accept' => 'application/json',
  'user-agent' => 'Mozilla/5.0 (iPhone; CPU iPhone OS 9_1 like Mac OS X) AppleWebKit/601.1.46 (KHTML, like Gecko) Version/9.0 Mobile/13B143 Safari/601.1 wechatdevtools/1.02.1810250 MicroMessenger/6.5.7 Language/zh_CN webview/ token/eec717ba4d8e56f005b42c4767101700',
  'host' => 'lanbaba.cc',
  'content-length' => '',
)
[ info ] [ PARAM ] array (
  'album_id' => '1',
)
[ info ] [ DB ] INIT mysql
[ info ] [ RUN ] app\api\controller\Album->audios[ E:\repository\lanbabastory\application\api\controller\Album.php ]
[ info ] [ LOG ] INIT File
[ sql ] [ DB ] CONNECT:[ UseTime:0.054766s ] mysql:host=47.96.105.245;port=3306;dbname=lanbaba;charset=utf8
[ sql ] [ SQL ] SHOW COLUMNS FROM `mus_session` [ RunTime:0.034282s ]
[ sql ] [ SQL ] SELECT `openid` FROM `mus_session` WHERE  `skey` = '0b49da5c58805c4835cdc167aba42a58a5677f2b' LIMIT 1 [ RunTime:0.033778s ]
[ sql ] [ SQL ] SHOW COLUMNS FROM `mus_album` [ RunTime:0.037124s ]
[ sql ] [ SQL ] SELECT * FROM `mus_album` WHERE  `id` = 1 LIMIT 1 [ RunTime:0.035675s ]
[ sql ] [ SQL ] SHOW COLUMNS FROM `mus_album_audio` [ RunTime:0.034836s ]
[ sql ] [ SQL ] SHOW COLUMNS FROM `mus_audio` [ RunTime:0.036814s ]
[ sql ] [ SQL ] SELECT `mus_audio`.*,pivot.id AS pivot__id,pivot.album_id AS pivot__album_id,pivot.audio_id AS pivot__audio_id FROM `mus_audio` INNER JOIN `mus_album_audio` `pivot` ON `pivot`.`audio_id`=`mus_audio`.`id` WHERE  `pivot`.`album_id` = 1 [ RunTime:0.038457s ]
---------------------------------------------------------------
[ 2018-12-04T18:35:40+08:00 ] 127.0.0.1 127.0.0.1 GET /api/album/show?album_id=6
[ info ] lanbaba.cc/api/album/show?album_id=6 [运行时间：0.592027s][吞吐率：1.69req/s] [内存消耗：1,988.92kb] [文件加载：47]
[ info ] [ LANG ] E:\repository\lanbabastory\thinkphp\lang\zh-cn.php
[ info ] [ ROUTE ] array (
  'type' => 'module',
  'module' => 
  array (
    0 => 'api',
    1 => 'album',
    2 => 'show',
  ),
)
[ info ] [ HEADER ] array (
  'x-wx-skey' => '0b49da5c58805c4835cdc167aba42a58a5677f2b',
  'x-wx-flag' => '1',
  'x-lantern-version' => '4.9.0',
  'referer' => 'https://servicewechat.com/wx7cb91c99c4667f6b/devtools/page-frame.html',
  'proxy-connection' => 'keep-alive',
  'pragma' => 'no-cache',
  'content-type' => 'application/json',
  'cache-control' => 'no-cache',
  'accept-encoding' => 'gzip, deflate',
  'accept' => 'application/json',
  'user-agent' => 'Mozilla/5.0 (iPhone; CPU iPhone OS 9_1 like Mac OS X) AppleWebKit/601.1.46 (KHTML, like Gecko) Version/9.0 Mobile/13B143 Safari/601.1 wechatdevtools/1.02.1810250 MicroMessenger/6.5.7 Language/zh_CN webview/ token/eec717ba4d8e56f005b42c4767101700',
  'host' => 'lanbaba.cc',
  'content-length' => '',
)
[ info ] [ PARAM ] array (
  'album_id' => '6',
)
[ info ] [ DB ] INIT mysql
[ info ] [ RUN ] app\api\controller\Album->show[ E:\repository\lanbabastory\application\api\controller\Album.php ]
[ info ] [ LOG ] INIT File
[ sql ] [ DB ] CONNECT:[ UseTime:0.052263s ] mysql:host=47.96.105.245;port=3306;dbname=lanbaba;charset=utf8
[ sql ] [ SQL ] SHOW COLUMNS FROM `mus_session` [ RunTime:0.034503s ]
[ sql ] [ SQL ] SELECT `openid` FROM `mus_session` WHERE  `skey` = '0b49da5c58805c4835cdc167aba42a58a5677f2b' LIMIT 1 [ RunTime:0.038752s ]
[ sql ] [ SQL ] SHOW COLUMNS FROM `mus_album` [ RunTime:0.253564s ]
[ sql ] [ SQL ] SELECT * FROM `mus_album` WHERE  `id` = 6 LIMIT 1 [ RunTime:0.034128s ]
[ sql ] [ SQL ] SHOW COLUMNS FROM `mus_album_tag` [ RunTime:0.033691s ]
[ sql ] [ SQL ] SELECT `id`,`tag_id` FROM `mus_album_tag` WHERE  `album_id` = 6 [ RunTime:0.034654s ]
[ sql ] [ SQL ] SHOW COLUMNS FROM `mus_album_tags` [ RunTime:0.033288s ]
[ sql ] [ SQL ] SELECT `title` FROM `mus_album_tags` WHERE  `id` IN (1,4) [ RunTime:0.034601s ]
---------------------------------------------------------------
[ 2018-12-04T18:35:41+08:00 ] 127.0.0.1 127.0.0.1 GET /api/album/audios?album_id=6
[ info ] lanbaba.cc/api/album/audios?album_id=6 [运行时间：0.321912s][吞吐率：3.11req/s] [内存消耗：2,051.04kb] [文件加载：49]
[ info ] [ LANG ] E:\repository\lanbabastory\thinkphp\lang\zh-cn.php
[ info ] [ ROUTE ] array (
  'type' => 'module',
  'module' => 
  array (
    0 => 'api',
    1 => 'album',
    2 => 'audios',
  ),
)
[ info ] [ HEADER ] array (
  'x-wx-skey' => '0b49da5c58805c4835cdc167aba42a58a5677f2b',
  'x-wx-flag' => '1',
  'x-lantern-version' => '4.9.0',
  'referer' => 'https://servicewechat.com/wx7cb91c99c4667f6b/devtools/page-frame.html',
  'proxy-connection' => 'keep-alive',
  'pragma' => 'no-cache',
  'content-type' => 'application/json',
  'cache-control' => 'no-cache',
  'accept-encoding' => 'gzip, deflate',
  'accept' => 'application/json',
  'user-agent' => 'Mozilla/5.0 (iPhone; CPU iPhone OS 9_1 like Mac OS X) AppleWebKit/601.1.46 (KHTML, like Gecko) Version/9.0 Mobile/13B143 Safari/601.1 wechatdevtools/1.02.1810250 MicroMessenger/6.5.7 Language/zh_CN webview/ token/eec717ba4d8e56f005b42c4767101700',
  'host' => 'lanbaba.cc',
  'content-length' => '',
)
[ info ] [ PARAM ] array (
  'album_id' => '6',
)
[ info ] [ DB ] INIT mysql
[ info ] [ RUN ] app\api\controller\Album->audios[ E:\repository\lanbabastory\application\api\controller\Album.php ]
[ info ] [ LOG ] INIT File
[ sql ] [ DB ] CONNECT:[ UseTime:0.049381s ] mysql:host=47.96.105.245;port=3306;dbname=lanbaba;charset=utf8
[ sql ] [ SQL ] SHOW COLUMNS FROM `mus_session` [ RunTime:0.033206s ]
[ sql ] [ SQL ] SELECT `openid` FROM `mus_session` WHERE  `skey` = '0b49da5c58805c4835cdc167aba42a58a5677f2b' LIMIT 1 [ RunTime:0.032963s ]
[ sql ] [ SQL ] SHOW COLUMNS FROM `mus_album` [ RunTime:0.032867s ]
[ sql ] [ SQL ] SELECT * FROM `mus_album` WHERE  `id` = 6 LIMIT 1 [ RunTime:0.034763s ]
[ sql ] [ SQL ] SHOW COLUMNS FROM `mus_album_audio` [ RunTime:0.034573s ]
[ sql ] [ SQL ] SHOW COLUMNS FROM `mus_audio` [ RunTime:0.032948s ]
[ sql ] [ SQL ] SELECT `mus_audio`.*,pivot.id AS pivot__id,pivot.album_id AS pivot__album_id,pivot.audio_id AS pivot__audio_id FROM `mus_audio` INNER JOIN `mus_album_audio` `pivot` ON `pivot`.`audio_id`=`mus_audio`.`id` WHERE  `pivot`.`album_id` = 6 [ RunTime:0.034406s ]
---------------------------------------------------------------
[ 2018-12-04T18:35:51+08:00 ] 127.0.0.1 127.0.0.1 GET /api/audio_category/getall
[ info ] lanbaba.cc/api/audio_category/getall [运行时间：0.217426s][吞吐率：4.60req/s] [内存消耗：1,881.55kb] [文件加载：45]
[ info ] [ LANG ] E:\repository\lanbabastory\thinkphp\lang\zh-cn.php
[ info ] [ ROUTE ] array (
  'type' => 'module',
  'module' => 
  array (
    0 => 'api',
    1 => 'audio_category',
    2 => 'getall',
  ),
)
[ info ] [ HEADER ] array (
  'x-wx-skey' => '0b49da5c58805c4835cdc167aba42a58a5677f2b',
  'x-wx-flag' => '1',
  'x-lantern-version' => '4.9.0',
  'referer' => 'https://servicewechat.com/wx7cb91c99c4667f6b/devtools/page-frame.html',
  'proxy-connection' => 'keep-alive',
  'pragma' => 'no-cache',
  'content-type' => 'application/json',
  'cache-control' => 'no-cache',
  'accept-encoding' => 'gzip, deflate',
  'accept' => 'application/json',
  'user-agent' => 'Mozilla/5.0 (iPhone; CPU iPhone OS 9_1 like Mac OS X) AppleWebKit/601.1.46 (KHTML, like Gecko) Version/9.0 Mobile/13B143 Safari/601.1 wechatdevtools/1.02.1810250 MicroMessenger/6.5.7 Language/zh_CN webview/ token/eec717ba4d8e56f005b42c4767101700',
  'host' => 'lanbaba.cc',
  'content-length' => '',
)
[ info ] [ PARAM ] array (
)
[ info ] [ DB ] INIT mysql
[ info ] [ RUN ] app\api\controller\AudioCategory->getAll[ E:\repository\lanbabastory\application\api\controller\AudioCategory.php ]
[ info ] [ LOG ] INIT File
[ sql ] [ DB ] CONNECT:[ UseTime:0.048658s ] mysql:host=47.96.105.245;port=3306;dbname=lanbaba;charset=utf8
[ sql ] [ SQL ] SHOW COLUMNS FROM `mus_session` [ RunTime:0.033623s ]
[ sql ] [ SQL ] SELECT `openid` FROM `mus_session` WHERE  `skey` = '0b49da5c58805c4835cdc167aba42a58a5677f2b' LIMIT 1 [ RunTime:0.033311s ]
[ sql ] [ SQL ] SHOW COLUMNS FROM `mus_audio_category` [ RunTime:0.032400s ]
[ sql ] [ SQL ] SELECT `id`,`title` FROM `mus_audio_category` WHERE  `status` = 1 ORDER BY `sort`  asc [ RunTime:0.032861s ]
---------------------------------------------------------------
[ 2018-12-04T18:35:52+08:00 ] 127.0.0.1 127.0.0.1 GET /api/audio_category/audios?category_id=0&page=1
[ info ] lanbaba.cc/api/audio_category/audios?category_id=0&page=1 [运行时间：1.017578s][吞吐率：0.98req/s] [内存消耗：2,026.66kb] [文件加载：48]
[ info ] [ LANG ] E:\repository\lanbabastory\thinkphp\lang\zh-cn.php
[ info ] [ ROUTE ] array (
  'type' => 'module',
  'module' => 
  array (
    0 => 'api',
    1 => 'audio_category',
    2 => 'audios',
  ),
)
[ info ] [ HEADER ] array (
  'x-wx-skey' => '0b49da5c58805c4835cdc167aba42a58a5677f2b',
  'x-wx-flag' => '1',
  'x-lantern-version' => '4.9.0',
  'referer' => 'https://servicewechat.com/wx7cb91c99c4667f6b/devtools/page-frame.html',
  'proxy-connection' => 'keep-alive',
  'pragma' => 'no-cache',
  'content-type' => 'application/json',
  'cache-control' => 'no-cache',
  'accept-encoding' => 'gzip, deflate',
  'accept' => 'application/json',
  'user-agent' => 'Mozilla/5.0 (iPhone; CPU iPhone OS 9_1 like Mac OS X) AppleWebKit/601.1.46 (KHTML, like Gecko) Version/9.0 Mobile/13B143 Safari/601.1 wechatdevtools/1.02.1810250 MicroMessenger/6.5.7 Language/zh_CN webview/ token/eec717ba4d8e56f005b42c4767101700',
  'host' => 'lanbaba.cc',
  'content-length' => '',
)
[ info ] [ PARAM ] array (
  'category_id' => '0',
  'page' => '1',
)
[ info ] [ DB ] INIT mysql
[ info ] [ RUN ] app\api\controller\AudioCategory->audios[ E:\repository\lanbabastory\application\api\controller\AudioCategory.php ]
[ info ] [ LOG ] INIT File
[ sql ] [ DB ] CONNECT:[ UseTime:0.051329s ] mysql:host=47.96.105.245;port=3306;dbname=lanbaba;charset=utf8
[ sql ] [ SQL ] SHOW COLUMNS FROM `mus_session` [ RunTime:0.036289s ]
[ sql ] [ SQL ] SELECT `openid` FROM `mus_session` WHERE  `skey` = '0b49da5c58805c4835cdc167aba42a58a5677f2b' LIMIT 1 [ RunTime:0.035609s ]
[ sql ] [ SQL ] SHOW COLUMNS FROM `mus_audio` [ RunTime:0.036593s ]
[ sql ] [ SQL ] SELECT COUNT(*) AS tp_count FROM `mus_audio` LIMIT 1 [ RunTime:0.034739s ]
[ sql ] [ SQL ] SELECT * FROM `mus_audio` ORDER BY `sort`  desc LIMIT 0,15 [ RunTime:0.781747s ]
---------------------------------------------------------------
[ 2018-12-04T18:35:54+08:00 ] 127.0.0.1 127.0.0.1 GET /api/audio_category/audios?category_id=0&page=2
[ info ] lanbaba.cc/api/audio_category/audios?category_id=0&page=2 [运行时间：0.314225s][吞吐率：3.18req/s] [内存消耗：2,026.41kb] [文件加载：48]
[ info ] [ LANG ] E:\repository\lanbabastory\thinkphp\lang\zh-cn.php
[ info ] [ ROUTE ] array (
  'type' => 'module',
  'module' => 
  array (
    0 => 'api',
    1 => 'audio_category',
    2 => 'audios',
  ),
)
[ info ] [ HEADER ] array (
  'x-wx-skey' => '0b49da5c58805c4835cdc167aba42a58a5677f2b',
  'x-wx-flag' => '1',
  'x-lantern-version' => '4.9.0',
  'referer' => 'https://servicewechat.com/wx7cb91c99c4667f6b/devtools/page-frame.html',
  'proxy-connection' => 'keep-alive',
  'pragma' => 'no-cache',
  'content-type' => 'application/json',
  'cache-control' => 'no-cache',
  'accept-encoding' => 'gzip, deflate',
  'accept' => 'application/json',
  'user-agent' => 'Mozilla/5.0 (iPhone; CPU iPhone OS 9_1 like Mac OS X) AppleWebKit/601.1.46 (KHTML, like Gecko) Version/9.0 Mobile/13B143 Safari/601.1 wechatdevtools/1.02.1810250 MicroMessenger/6.5.7 Language/zh_CN webview/ token/eec717ba4d8e56f005b42c4767101700',
  'host' => 'lanbaba.cc',
  'content-length' => '',
)
[ info ] [ PARAM ] array (
  'category_id' => '0',
  'page' => '2',
)
[ info ] [ DB ] INIT mysql
[ info ] [ RUN ] app\api\controller\AudioCategory->audios[ E:\repository\lanbabastory\application\api\controller\AudioCategory.php ]
[ info ] [ LOG ] INIT File
[ sql ] [ DB ] CONNECT:[ UseTime:0.049971s ] mysql:host=47.96.105.245;port=3306;dbname=lanbaba;charset=utf8
[ sql ] [ SQL ] SHOW COLUMNS FROM `mus_session` [ RunTime:0.032828s ]
[ sql ] [ SQL ] SELECT `openid` FROM `mus_session` WHERE  `skey` = '0b49da5c58805c4835cdc167aba42a58a5677f2b' LIMIT 1 [ RunTime:0.035417s ]
[ sql ] [ SQL ] SHOW COLUMNS FROM `mus_audio` [ RunTime:0.033054s ]
[ sql ] [ SQL ] SELECT COUNT(*) AS tp_count FROM `mus_audio` LIMIT 1 [ RunTime:0.032556s ]
[ sql ] [ SQL ] SELECT * FROM `mus_audio` ORDER BY `sort`  desc LIMIT 15,15 [ RunTime:0.088430s ]
---------------------------------------------------------------
[ 2018-12-04T18:35:56+08:00 ] 127.0.0.1 127.0.0.1 GET /api/audio_category/audios?category_id=0&page=3
[ info ] lanbaba.cc/api/audio_category/audios?category_id=0&page=3 [运行时间：0.271647s][吞吐率：3.68req/s] [内存消耗：2,021.43kb] [文件加载：48]
[ info ] [ LANG ] E:\repository\lanbabastory\thinkphp\lang\zh-cn.php
[ info ] [ ROUTE ] array (
  'type' => 'module',
  'module' => 
  array (
    0 => 'api',
    1 => 'audio_category',
    2 => 'audios',
  ),
)
[ info ] [ HEADER ] array (
  'x-wx-skey' => '0b49da5c58805c4835cdc167aba42a58a5677f2b',
  'x-wx-flag' => '1',
  'x-lantern-version' => '4.9.0',
  'referer' => 'https://servicewechat.com/wx7cb91c99c4667f6b/devtools/page-frame.html',
  'proxy-connection' => 'keep-alive',
  'pragma' => 'no-cache',
  'content-type' => 'application/json',
  'cache-control' => 'no-cache',
  'accept-encoding' => 'gzip, deflate',
  'accept' => 'application/json',
  'user-agent' => 'Mozilla/5.0 (iPhone; CPU iPhone OS 9_1 like Mac OS X) AppleWebKit/601.1.46 (KHTML, like Gecko) Version/9.0 Mobile/13B143 Safari/601.1 wechatdevtools/1.02.1810250 MicroMessenger/6.5.7 Language/zh_CN webview/ token/eec717ba4d8e56f005b42c4767101700',
  'host' => 'lanbaba.cc',
  'content-length' => '',
)
[ info ] [ PARAM ] array (
  'category_id' => '0',
  'page' => '3',
)
[ info ] [ DB ] INIT mysql
[ info ] [ RUN ] app\api\controller\AudioCategory->audios[ E:\repository\lanbabastory\application\api\controller\AudioCategory.php ]
[ info ] [ LOG ] INIT File
[ sql ] [ DB ] CONNECT:[ UseTime:0.050362s ] mysql:host=47.96.105.245;port=3306;dbname=lanbaba;charset=utf8
[ sql ] [ SQL ] SHOW COLUMNS FROM `mus_session` [ RunTime:0.032430s ]
[ sql ] [ SQL ] SELECT `openid` FROM `mus_session` WHERE  `skey` = '0b49da5c58805c4835cdc167aba42a58a5677f2b' LIMIT 1 [ RunTime:0.033745s ]
[ sql ] [ SQL ] SHOW COLUMNS FROM `mus_audio` [ RunTime:0.033062s ]
[ sql ] [ SQL ] SELECT COUNT(*) AS tp_count FROM `mus_audio` LIMIT 1 [ RunTime:0.033019s ]
[ sql ] [ SQL ] SELECT * FROM `mus_audio` ORDER BY `sort`  desc LIMIT 30,15 [ RunTime:0.034305s ]
---------------------------------------------------------------
[ 2018-12-04T18:36:22+08:00 ] 127.0.0.1 127.0.0.1 GET /api/user/freeMemberCheck?uuid=edb926d3-4f66-178c-27b7-85ce8562
[ info ] lanbaba.cc/api/user/freeMemberCheck?uuid=edb926d3-4f66-178c-27b7-85ce8562 [运行时间：0.297327s][吞吐率：3.36req/s] [内存消耗：2,003.33kb] [文件加载：48]
[ info ] [ LANG ] E:\repository\lanbabastory\thinkphp\lang\zh-cn.php
[ info ] [ ROUTE ] array (
  'type' => 'module',
  'module' => 
  array (
    0 => 'api',
    1 => 'user',
    2 => 'freeMemberCheck',
  ),
)
[ info ] [ HEADER ] array (
  'x-wx-skey' => '0b49da5c58805c4835cdc167aba42a58a5677f2b',
  'x-wx-flag' => '1',
  'x-lantern-version' => '4.9.0',
  'referer' => 'https://servicewechat.com/wx7cb91c99c4667f6b/devtools/page-frame.html',
  'proxy-connection' => 'keep-alive',
  'pragma' => 'no-cache',
  'content-type' => 'application/json',
  'cache-control' => 'no-cache',
  'accept-encoding' => 'gzip, deflate',
  'accept' => 'application/json',
  'user-agent' => 'Mozilla/5.0 (iPhone; CPU iPhone OS 9_1 like Mac OS X) AppleWebKit/601.1.46 (KHTML, like Gecko) Version/9.0 Mobile/13B143 Safari/601.1 wechatdevtools/1.02.1810250 MicroMessenger/6.5.7 Language/zh_CN webview/ token/eec717ba4d8e56f005b42c4767101700',
  'host' => 'lanbaba.cc',
  'content-length' => '',
)
[ info ] [ PARAM ] array (
  'uuid' => 'edb926d3-4f66-178c-27b7-85ce8562',
)
[ info ] [ DB ] INIT mysql
[ info ] [ RUN ] app\api\controller\User->freeMemberCheck[ E:\repository\lanbabastory\application\api\controller\User.php ]
[ info ] [ LOG ] INIT File
[ sql ] [ DB ] CONNECT:[ UseTime:0.050571s ] mysql:host=47.96.105.245;port=3306;dbname=lanbaba;charset=utf8
[ sql ] [ SQL ] SHOW COLUMNS FROM `mus_session` [ RunTime:0.034407s ]
[ sql ] [ SQL ] SELECT `openid` FROM `mus_session` WHERE  `skey` = '0b49da5c58805c4835cdc167aba42a58a5677f2b' LIMIT 1 [ RunTime:0.033651s ]
[ sql ] [ SQL ] SHOW COLUMNS FROM `mus_user` [ RunTime:0.034692s ]
[ sql ] [ SQL ] SELECT * FROM `mus_user` WHERE  `id` = 'edb926d3-4f66-178c-27b7-85ce8562' LIMIT 1 [ RunTime:0.034901s ]
[ sql ] [ SQL ] SHOW COLUMNS FROM `mus_sign` [ RunTime:0.034722s ]
[ sql ] [ SQL ] SELECT * FROM `mus_sign` WHERE  `user_id` = 'edb926d3-4f66-178c-27b7-85ce8562'  AND `sign_at` BETWEEN '2018-12-04 00:00:00' AND '2018-12-05 00:00:00' [ RunTime:0.036170s ]
---------------------------------------------------------------
[ 2018-12-04T18:36:56+08:00 ] 127.0.0.1 127.0.0.1 GET /api/user/freeMemberCheck?uuid=edb926d3-4f66-178c-27b7-85ce8562
[ info ] lanbaba.cc/api/user/freeMemberCheck?uuid=edb926d3-4f66-178c-27b7-85ce8562 [运行时间：0.283352s][吞吐率：3.53req/s] [内存消耗：2,003.33kb] [文件加载：48]
[ info ] [ LANG ] E:\repository\lanbabastory\thinkphp\lang\zh-cn.php
[ info ] [ ROUTE ] array (
  'type' => 'module',
  'module' => 
  array (
    0 => 'api',
    1 => 'user',
    2 => 'freeMemberCheck',
  ),
)
[ info ] [ HEADER ] array (
  'x-wx-skey' => '0b49da5c58805c4835cdc167aba42a58a5677f2b',
  'x-wx-flag' => '1',
  'x-lantern-version' => '4.9.0',
  'referer' => 'https://servicewechat.com/wx7cb91c99c4667f6b/devtools/page-frame.html',
  'proxy-connection' => 'keep-alive',
  'pragma' => 'no-cache',
  'content-type' => 'application/json',
  'cache-control' => 'no-cache',
  'accept-encoding' => 'gzip, deflate',
  'accept' => 'application/json',
  'user-agent' => 'Mozilla/5.0 (iPhone; CPU iPhone OS 9_1 like Mac OS X) AppleWebKit/601.1.46 (KHTML, like Gecko) Version/9.0 Mobile/13B143 Safari/601.1 wechatdevtools/1.02.1810250 MicroMessenger/6.5.7 Language/zh_CN webview/ token/eec717ba4d8e56f005b42c4767101700',
  'host' => 'lanbaba.cc',
  'content-length' => '',
)
[ info ] [ PARAM ] array (
  'uuid' => 'edb926d3-4f66-178c-27b7-85ce8562',
)
[ info ] [ DB ] INIT mysql
[ info ] [ RUN ] app\api\controller\User->freeMemberCheck[ E:\repository\lanbabastory\application\api\controller\User.php ]
[ info ] [ LOG ] INIT File
[ sql ] [ DB ] CONNECT:[ UseTime:0.047880s ] mysql:host=47.96.105.245;port=3306;dbname=lanbaba;charset=utf8
[ sql ] [ SQL ] SHOW COLUMNS FROM `mus_session` [ RunTime:0.034035s ]
[ sql ] [ SQL ] SELECT `openid` FROM `mus_session` WHERE  `skey` = '0b49da5c58805c4835cdc167aba42a58a5677f2b' LIMIT 1 [ RunTime:0.032785s ]
[ sql ] [ SQL ] SHOW COLUMNS FROM `mus_user` [ RunTime:0.032356s ]
[ sql ] [ SQL ] SELECT * FROM `mus_user` WHERE  `id` = 'edb926d3-4f66-178c-27b7-85ce8562' LIMIT 1 [ RunTime:0.034305s ]
[ sql ] [ SQL ] SHOW COLUMNS FROM `mus_sign` [ RunTime:0.032904s ]
[ sql ] [ SQL ] SELECT * FROM `mus_sign` WHERE  `user_id` = 'edb926d3-4f66-178c-27b7-85ce8562'  AND `sign_at` BETWEEN '2018-12-04 00:00:00' AND '2018-12-05 00:00:00' [ RunTime:0.032136s ]
---------------------------------------------------------------
[ 2018-12-04T18:36:58+08:00 ] 127.0.0.1 127.0.0.1 GET /api/user/members
[ info ] lanbaba.cc/api/user/members [运行时间：0.225612s][吞吐率：4.43req/s] [内存消耗：1,964.49kb] [文件加载：46]
[ info ] [ LANG ] E:\repository\lanbabastory\thinkphp\lang\zh-cn.php
[ info ] [ ROUTE ] array (
  'type' => 'module',
  'module' => 
  array (
    0 => 'api',
    1 => 'user',
    2 => 'members',
  ),
)
[ info ] [ HEADER ] array (
  'x-wx-skey' => '0b49da5c58805c4835cdc167aba42a58a5677f2b',
  'x-wx-flag' => '1',
  'x-lantern-version' => '4.9.0',
  'referer' => 'https://servicewechat.com/wx7cb91c99c4667f6b/devtools/page-frame.html',
  'proxy-connection' => 'keep-alive',
  'pragma' => 'no-cache',
  'content-type' => 'application/json',
  'cache-control' => 'no-cache',
  'accept-encoding' => 'gzip, deflate',
  'accept' => 'application/json',
  'user-agent' => 'Mozilla/5.0 (iPhone; CPU iPhone OS 9_1 like Mac OS X) AppleWebKit/601.1.46 (KHTML, like Gecko) Version/9.0 Mobile/13B143 Safari/601.1 wechatdevtools/1.02.1810250 MicroMessenger/6.5.7 Language/zh_CN webview/ token/eec717ba4d8e56f005b42c4767101700',
  'host' => 'lanbaba.cc',
  'content-length' => '',
)
[ info ] [ PARAM ] array (
)
[ info ] [ DB ] INIT mysql
[ info ] [ RUN ] app\api\controller\User->members[ E:\repository\lanbabastory\application\api\controller\User.php ]
[ info ] [ LOG ] INIT File
[ sql ] [ DB ] CONNECT:[ UseTime:0.049746s ] mysql:host=47.96.105.245;port=3306;dbname=lanbaba;charset=utf8
[ sql ] [ SQL ] SHOW COLUMNS FROM `mus_session` [ RunTime:0.033456s ]
[ sql ] [ SQL ] SELECT `openid` FROM `mus_session` WHERE  `skey` = '0b49da5c58805c4835cdc167aba42a58a5677f2b' LIMIT 1 [ RunTime:0.032726s ]
[ sql ] [ SQL ] SHOW COLUMNS FROM `mus_member` [ RunTime:0.038818s ]
[ sql ] [ SQL ] SELECT `id`,`title`,`price` FROM `mus_member` WHERE  `is_active` = 1 ORDER BY `sort`  ASC [ RunTime:0.032182s ]
---------------------------------------------------------------
[ 2018-12-04T18:37:04+08:00 ] 127.0.0.1 127.0.0.1 POST /api/order/create
[ info ] lanbaba.cc/api/order/create [运行时间：0.415415s][吞吐率：2.41req/s] [内存消耗：1,970.76kb] [文件加载：49]
[ info ] [ LANG ] E:\repository\lanbabastory\thinkphp\lang\zh-cn.php
[ info ] [ ROUTE ] array (
  'type' => 'module',
  'module' => 
  array (
    0 => 'api',
    1 => 'order',
    2 => 'create',
  ),
)
[ info ] [ HEADER ] array (
  'x-wx-skey' => '0b49da5c58805c4835cdc167aba42a58a5677f2b',
  'x-wx-flag' => '1',
  'x-lantern-version' => '4.9.0',
  'referer' => 'https://servicewechat.com/wx7cb91c99c4667f6b/devtools/page-frame.html',
  'proxy-connection' => 'keep-alive',
  'pragma' => 'no-cache',
  'origin' => 'http://127.0.0.1:42442',
  'content-type' => 'application/json',
  'cache-control' => 'no-cache',
  'accept-encoding' => 'gzip, deflate',
  'accept' => 'application/json',
  'content-length' => '57',
  'user-agent' => 'Mozilla/5.0 (iPhone; CPU iPhone OS 9_1 like Mac OS X) AppleWebKit/601.1.46 (KHTML, like Gecko) Version/9.0 Mobile/13B143 Safari/601.1 wechatdevtools/1.02.1810250 MicroMessenger/6.5.7 Language/zh_CN webview/ token/eec717ba4d8e56f005b42c4767101700',
  'host' => 'lanbaba.cc',
)
[ info ] [ PARAM ] array (
  'uuid' => 'edb926d3-4f66-178c-27b7-85ce8562',
  'member_id' => '3',
)
[ info ] [ DB ] INIT mysql
[ info ] [ RUN ] app\api\controller\Order->create[ E:\repository\lanbabastory\application\api\controller\Order.php ]
[ info ] [ LOG ] INIT File
[ sql ] [ DB ] CONNECT:[ UseTime:0.050878s ] mysql:host=47.96.105.245;port=3306;dbname=lanbaba;charset=utf8
[ sql ] [ SQL ] SHOW COLUMNS FROM `mus_session` [ RunTime:0.037190s ]
[ sql ] [ SQL ] SELECT `openid` FROM `mus_session` WHERE  `skey` = '0b49da5c58805c4835cdc167aba42a58a5677f2b' LIMIT 1 [ RunTime:0.034138s ]
[ sql ] [ SQL ] SHOW COLUMNS FROM `mus_user` [ RunTime:0.034580s ]
[ sql ] [ SQL ] SELECT * FROM `mus_user` WHERE  `id` = 'edb926d3-4f66-178c-27b7-85ce8562' LIMIT 1 [ RunTime:0.033775s ]
[ sql ] [ SQL ] SHOW COLUMNS FROM `mus_order` [ RunTime:0.033796s ]
[ sql ] [ SQL ] DELETE FROM `mus_order`    WHERE  `user_id` = 'edb926d3-4f66-178c-27b7-85ce8562'  AND `transaction_id` IS NULL [ RunTime:0.037442s ]
[ sql ] [ SQL ] SHOW COLUMNS FROM `mus_member` [ RunTime:0.034601s ]
[ sql ] [ SQL ] SELECT * FROM `mus_member` WHERE  `id` = 3 LIMIT 1 [ RunTime:0.034990s ]
[ sql ] [ SQL ] INSERT INTO `mus_order` (`id` , `order_no` , `user_id` , `member_id` , `amount` , `openid` , `expire_date`) VALUES ('fa6207e170cb792464503598f166ac13' , '2018120448561015' , 'edb926d3-4f66-178c-27b7-85ce8562' , 3 , 0.01 , 'oUIu45YZXLx7e2T0mvl-VUzty60Q' , '2019-04-03') [ RunTime:0.037202s ]
---------------------------------------------------------------
[ 2018-12-04T18:37:05+08:00 ] 127.0.0.1 127.0.0.1 POST /api/order/pay
[ info ] lanbaba.cc/api/order/pay [运行时间：0.535166s][吞吐率：1.87req/s] [内存消耗：2,275.59kb] [文件加载：55]
[ info ] [ LANG ] E:\repository\lanbabastory\thinkphp\lang\zh-cn.php
[ info ] [ ROUTE ] array (
  'type' => 'module',
  'module' => 
  array (
    0 => 'api',
    1 => 'order',
    2 => 'pay',
  ),
)
[ info ] [ HEADER ] array (
  'x-wx-skey' => '0b49da5c58805c4835cdc167aba42a58a5677f2b',
  'x-wx-flag' => '1',
  'x-lantern-version' => '4.9.0',
  'referer' => 'https://servicewechat.com/wx7cb91c99c4667f6b/devtools/page-frame.html',
  'proxy-connection' => 'keep-alive',
  'pragma' => 'no-cache',
  'origin' => 'http://127.0.0.1:42442',
  'content-type' => 'application/json',
  'cache-control' => 'no-cache',
  'accept-encoding' => 'gzip, deflate',
  'accept' => 'application/json',
  'content-length' => '89',
  'user-agent' => 'Mozilla/5.0 (iPhone; CPU iPhone OS 9_1 like Mac OS X) AppleWebKit/601.1.46 (KHTML, like Gecko) Version/9.0 Mobile/13B143 Safari/601.1 wechatdevtools/1.02.1810250 MicroMessenger/6.5.7 Language/zh_CN webview/ token/eec717ba4d8e56f005b42c4767101700',
  'host' => 'lanbaba.cc',
)
[ info ] [ PARAM ] array (
  'uuid' => 'edb926d3-4f66-178c-27b7-85ce8562',
  'order_id' => 'fa6207e170cb792464503598f166ac13',
)
[ info ] [ DB ] INIT mysql
[ info ] [ RUN ] app\api\controller\Order->pay[ E:\repository\lanbabastory\application\api\controller\Order.php ]
[ info ] [ LOG ] INIT File
[ sql ] [ DB ] CONNECT:[ UseTime:0.047696s ] mysql:host=47.96.105.245;port=3306;dbname=lanbaba;charset=utf8
[ sql ] [ SQL ] SHOW COLUMNS FROM `mus_session` [ RunTime:0.033782s ]
[ sql ] [ SQL ] SELECT `openid` FROM `mus_session` WHERE  `skey` = '0b49da5c58805c4835cdc167aba42a58a5677f2b' LIMIT 1 [ RunTime:0.033030s ]
[ sql ] [ SQL ] SHOW COLUMNS FROM `mus_user` [ RunTime:0.032906s ]
[ sql ] [ SQL ] SELECT * FROM `mus_user` WHERE  `id` = 'edb926d3-4f66-178c-27b7-85ce8562' LIMIT 1 [ RunTime:0.034458s ]
[ sql ] [ SQL ] SHOW COLUMNS FROM `mus_order` [ RunTime:0.033312s ]
[ sql ] [ SQL ] SELECT * FROM `mus_order` WHERE  `id` = 'fa6207e170cb792464503598f166ac13' LIMIT 1 [ RunTime:0.033978s ]
[ error ] [0]参数错误[E:\repository\lanbabastory\extend\WxPay\JsApiPay.php:75]
