---------------------------------------------------------------
[ 2018-11-28T17:59:44+08:00 ] 127.0.0.1 127.0.0.1 POST /api/slide/getall
[ info ] lanbaba.cc/api/slide/getall [运行时间：0.175094s][吞吐率：5.71req/s] [内存消耗：1,865.13kb] [文件加载：44]
[ info ] [ LANG ] E:\repository\lanbabastory\thinkphp\lang\zh-cn.php
[ info ] [ ROUTE ] array (
  'type' => 'module',
  'module' => 
  array (
    0 => 'api',
    1 => 'slide',
    2 => 'getall',
  ),
)
[ info ] [ HEADER ] array (
  'connection' => 'keep-alive',
  'content-length' => '0',
  'accept-encoding' => 'gzip, deflate',
  'host' => 'lanbaba.cc',
  'accept' => '*/*',
  'user-agent' => 'PostmanRuntime/7.4.0',
  'postman-token' => 'a03a7b2b-8124-42c3-b82d-a30ff238bfcc',
  'cache-control' => 'no-cache',
  'content-type' => '',
)
[ info ] [ PARAM ] array (
)
[ info ] [ RUN ] app\api\controller\Slide->getAll[ E:\repository\lanbabastory\application\api\controller\Slide.php ]
[ info ] [ DB ] INIT mysql
[ info ] [ LOG ] INIT File
[ sql ] [ DB ] CONNECT:[ UseTime:0.053808s ] mysql:host=47.96.105.245;port=3306;dbname=lanbaba;charset=utf8
[ sql ] [ SQL ] SHOW COLUMNS FROM `mus_slide` [ RunTime:0.036435s ]
[ sql ] [ SQL ] SELECT `id`,`name`,`image`,`link` FROM `mus_slide` WHERE  `status` = 1 ORDER BY `sort`  ASC [ RunTime:0.036970s ]
